<?xml version="1.0" encoding="UTF-8"?>
<testsuite name="Basic Sanity Test" tests="3" skipped="0" failures="0" errors="0" timestamp="2021-01-04T01:09:19" hostname="LAPTOP-RNQTT78M" time="0.144">
  <properties/>
  <testcase name="Test 001 - Junit Is Working" classname="com.viclim.souptest.sanity.Test001_JunitIsWorking" time="0.039"/>
  <testcase name="Test 002 - JSoup Title Is Working" classname="com.viclim.souptest.sanity.Test001_JunitIsWorking" time="0.091"/>
  <testcase name="Test 003 - JSoup Body Is Working" classname="com.viclim.souptest.sanity.Test001_JunitIsWorking" time="0.01"/>
  <system-out><![CDATA[]]></system-out>
  <system-err><![CDATA[]]></system-err>
</testsuite>
