<?xml version="1.0" encoding="UTF-8"?>
<testsuite name="Basic Sanity Test" tests="4" skipped="0" failures="0" errors="0" timestamp="2021-03-14T05:39:55" hostname="DESKTOP-UF35TVL" time="1.553">
  <properties/>
  <testcase name="Test 001 - Junit Is Working" classname="com.viclim.souptest.sanity.Test001_JunitIsWorking" time="0.019"/>
  <testcase name="Test 002 - JSoup Title Is Working" classname="com.viclim.souptest.sanity.Test001_JunitIsWorking" time="0.055"/>
  <testcase name="Test 003 - JSoup Body Is Working" classname="com.viclim.souptest.sanity.Test001_JunitIsWorking" time="0.006"/>
  <testcase name="Test 004 - Jsoup pulling title from FINVIZ" classname="com.viclim.souptest.sanity.Test001_JunitIsWorking" time="1.471"/>
  <system-out><![CDATA[]]></system-out>
  <system-err><![CDATA[]]></system-err>
</testsuite>
